TN:
SF:src\router.ts
FN:22,(anonymous_0)
FN:36,(anonymous_1)
FNF:2
FNH:2
FNDA:4,(anonymous_0)
FNDA:5,(anonymous_1)
DA:1,2
DA:2,2
DA:3,2
DA:4,2
DA:6,2
DA:8,2
DA:10,2
DA:16,2
DA:22,4
DA:28,2
DA:36,5
DA:44,2
DA:50,2
DA:56,2
LF:14
LH:14
BRF:0
BRH:0
end_of_record
TN:
SF:src\server.ts
FN:7,connectDB
FN:29,(anonymous_2)
FNF:2
FNH:2
FNDA:3,connectDB
FNDA:1,(anonymous_2)
DA:1,2
DA:2,2
DA:3,2
DA:4,2
DA:7,2
DA:8,3
DA:9,3
DA:11,2
DA:15,1
DA:17,1
DA:21,2
DA:23,2
DA:25,2
DA:27,2
DA:29,2
DA:30,1
DA:33,2
LF:17
LH:17
BRF:0
BRH:0
end_of_record
TN:
SF:src\config\db.ts
FNF:0
FNH:0
DA:1,2
DA:2,2
DA:4,2
DA:6,2
DA:11,2
LF:5
LH:5
BRF:0
BRH:0
end_of_record
TN:
SF:src\handlers\product.ts
FN:4,(anonymous_1)
FN:24,(anonymous_2)
FN:60,(anonymous_3)
FN:98,(anonymous_4)
FN:118,(anonymous_5)
FN:139,(anonymous_6)
FNF:6
FNH:6
FNDA:1,(anonymous_1)
FNDA:2,(anonymous_2)
FNDA:2,(anonymous_3)
FNDA:2,(anonymous_4)
FNDA:2,(anonymous_5)
FNDA:2,(anonymous_6)
DA:2,2
DA:4,2
DA:6,1
DA:7,1
DA:24,2
DA:25,2
DA:35,2
DA:60,2
DA:61,2
DA:62,2
DA:64,2
DA:65,1
DA:69,1
DA:72,1
DA:98,2
DA:99,2
DA:100,2
DA:102,2
DA:103,1
DA:107,1
DA:110,1
DA:111,1
DA:113,1
DA:118,2
DA:119,2
DA:120,2
DA:122,2
DA:123,1
DA:127,1
DA:130,1
DA:132,1
DA:134,1
DA:139,2
DA:140,2
DA:141,2
DA:143,2
DA:144,1
DA:148,1
DA:151,1
DA:153,1
LF:40
LH:40
BRDA:64,0,0,1
BRDA:102,1,0,1
BRDA:122,2,0,1
BRDA:143,3,0,1
BRF:4
BRH:4
end_of_record
TN:
SF:src\middleware\index.ts
FN:4,(anonymous_0)
FNF:1
FNH:1
FNDA:17,(anonymous_0)
DA:2,2
DA:4,2
DA:6,17
DA:8,17
DA:10,17
DA:11,8
DA:15,8
DA:18,9
LF:8
LH:8
BRDA:10,0,0,8
BRF:1
BRH:1
end_of_record
TN:
SF:src\models\Product.model.ts
FNF:0
FNH:0
DA:1,3
DA:7,3
DA:12,3
DA:17,3
DA:23,3
DA:26,3
LF:6
LH:6
BRF:0
BRH:0
end_of_record
